<?xml version="1.0" encoding="UTF-8"?>
<!-- Generated by org.testng.reporters.JUnitXMLReporter -->
<testsuite ignored="2" hostname="LAPTOP-4EBV38TC" failures="0" tests="1" name="Default test" time="2.34" errors="0" timestamp="2025-11-23T14:25:17 GMT+03:00">
  <testcase classname="testcases.SchemaTests" name="testUserSchema" time="1.876"/>
  <testcase classname="testcases.SchemaTests" name="testProductSchema" time="0.0">
    <ignored/>
  </testcase> <!-- testProductSchema -->
  <testcase classname="testcases.SchemaTests" name="testCartSchema" time="0.0">
    <ignored/>
  </testcase> <!-- testCartSchema -->
</testsuite> <!-- Default test -->
