<?xml version="1.0" encoding="UTF-8"?>
<!-- Generated by org.testng.reporters.JUnitXMLReporter -->
<testsuite ignored="0" hostname="LAPTOP-4EBV38TC" failures="1" tests="10" name="API Tests" time="3.726" errors="0" timestamp="2025-11-21T11:35:16 GMT+03:00">
  <testcase classname="testcases.ProductTests" name="testAddNewProduct" time="2.003"/>
  <testcase classname="testcases.ProductTests" name="testDeleteProduct" time="0.151"/>
  <testcase classname="testcases.ProductTests" name="testGetAllCategories" time="0.141"/>
  <testcase classname="testcases.ProductTests" name="testGetAllProducts" time="0.16"/>
  <testcase classname="testcases.ProductTests" name="testGetLimitedProducts" time="0.152"/>
  <testcase classname="testcases.ProductTests" name="testGetProductsByCategory" time="0.154"/>
  <testcase classname="testcases.ProductTests" name="testGetSingleProductById" time="0.118"/>
  <testcase classname="testcases.ProductTests" name="testGetSortedProducts" time="0.152"/>
  <testcase classname="testcases.ProductTests" name="testGetSortedProductsAsc" time="0.139"/>
  <testcase classname="testcases.ProductTests" name="testUpdateProduct" time="0.003">
    <failure type="java.lang.NumberFormatException" message="Cannot parse null string">
      <![CDATA[java.lang.NumberFormatException: Cannot parse null string
at java.base/java.lang.Integer.parseInt(Integer.java:527)
at java.base/java.lang.Integer.parseInt(Integer.java:662)
at utils.ConfigReader.getIntProperty(ConfigReader.java:31)
at testcases.ProductTests.testUpdateProduct(ProductTests.java:146)
at java.base/java.util.ArrayList.forEach(ArrayList.java:1604)
... Removed 25 stack frames]]>
    </failure>
  </testcase> <!-- testUpdateProduct -->
</testsuite> <!-- API Tests -->
