<?xml version="1.0" encoding="UTF-8"?>
<!-- Generated by org.testng.reporters.JUnitXMLReporter -->
<testsuite ignored="0" hostname="LAPTOP-4EBV38TC" failures="0" tests="10" name="Product Tests" time="4.324" errors="0" timestamp="2025-11-23T14:27:38 GMT+03:00">
  <testcase classname="testcases.ProductTests" name="testAddNewProduct" time="2.367"/>
  <testcase classname="testcases.ProductTests" name="testDeleteProduct" time="0.15"/>
  <testcase classname="testcases.ProductTests" name="testGetAllCategories" time="0.14"/>
  <testcase classname="testcases.ProductTests" name="testGetAllProducts" time="0.157"/>
  <testcase classname="testcases.ProductTests" name="testGetLimitedProducts" time="0.152"/>
  <testcase classname="testcases.ProductTests" name="testGetProductsByCategory" time="0.149"/>
  <testcase classname="testcases.ProductTests" name="testGetSingleProductById" time="0.12"/>
  <testcase classname="testcases.ProductTests" name="testGetSortedProducts" time="0.145"/>
  <testcase classname="testcases.ProductTests" name="testGetSortedProductsAsc" time="0.141"/>
  <testcase classname="testcases.ProductTests" name="testUpdateProduct" time="0.13"/>
</testsuite> <!-- Product Tests -->
