<?xml version="1.0" encoding="UTF-8"?>
<!-- Generated by org.testng.reporters.JUnitXMLReporter -->
<testsuite ignored="0" hostname="LAPTOP-4EBV38TC" failures="0" tests="3" name="Schema Tests" time="0.806" errors="0" timestamp="2025-11-23T14:27:40 GMT+03:00">
  <testcase classname="testcases.SchemaTests" name="testCartSchema" time="0.437"/>
  <testcase classname="testcases.SchemaTests" name="testProductSchema" time="0.118"/>
  <testcase classname="testcases.SchemaTests" name="testUserSchema" time="0.239"/>
</testsuite> <!-- Schema Tests -->
