<?xml version="1.0" encoding="UTF-8"?>
<testng-results ignored="0" total="33" passed="33" failed="0" skipped="0">
  <reporter-output>
  </reporter-output>
  <suite started-at="2025-11-23T14:27:34 GMT+03:00" name="API TestSuite" finished-at="2025-11-23T14:27:41 GMT+03:00" duration-ms="6983">
    <groups>
    </groups>
    <test started-at="2025-11-23T14:27:34 GMT+03:00" name="Product Tests" finished-at="2025-11-23T14:27:38 GMT+03:00" duration-ms="4324">
      <class name="testcases.ProductTests">
        <test-method is-config="true" signature="setup()[pri:0, instance:testcases.ProductTests@cc43f62]" started-at="2025-11-23T14:27:34 GMT+03:00" name="setup" finished-at="2025-11-23T14:27:34 GMT+03:00" duration-ms="319" status="PASS">
          <reporter-output>
          </reporter-output>
        </test-method> <!-- setup -->
        <test-method signature="testAddNewProduct()[pri:0, instance:testcases.ProductTests@cc43f62]" started-at="2025-11-23T14:27:34 GMT+03:00" name="testAddNewProduct" finished-at="2025-11-23T14:27:37 GMT+03:00" duration-ms="2367" status="PASS">
          <reporter-output>
          </reporter-output>
        </test-method> <!-- testAddNewProduct -->
        <test-method signature="testDeleteProduct()[pri:0, instance:testcases.ProductTests@cc43f62]" started-at="2025-11-23T14:27:37 GMT+03:00" name="testDeleteProduct" finished-at="2025-11-23T14:27:37 GMT+03:00" duration-ms="150" status="PASS">
          <reporter-output>
          </reporter-output>
        </test-method> <!-- testDeleteProduct -->
        <test-method signature="testGetAllCategories()[pri:0, instance:testcases.ProductTests@cc43f62]" started-at="2025-11-23T14:27:37 GMT+03:00" name="testGetAllCategories" finished-at="2025-11-23T14:27:37 GMT+03:00" duration-ms="140" status="PASS">
          <reporter-output>
          </reporter-output>
        </test-method> <!-- testGetAllCategories -->
        <test-method signature="testGetAllProducts()[pri:0, instance:testcases.ProductTests@cc43f62]" started-at="2025-11-23T14:27:37 GMT+03:00" name="testGetAllProducts" finished-at="2025-11-23T14:27:37 GMT+03:00" duration-ms="157" status="PASS">
          <reporter-output>
          </reporter-output>
        </test-method> <!-- testGetAllProducts -->
        <test-method signature="testGetLimitedProducts()[pri:0, instance:testcases.ProductTests@cc43f62]" started-at="2025-11-23T14:27:37 GMT+03:00" name="testGetLimitedProducts" finished-at="2025-11-23T14:27:37 GMT+03:00" duration-ms="152" status="PASS">
          <reporter-output>
          </reporter-output>
        </test-method> <!-- testGetLimitedProducts -->
        <test-method signature="testGetProductsByCategory()[pri:0, instance:testcases.ProductTests@cc43f62]" started-at="2025-11-23T14:27:37 GMT+03:00" name="testGetProductsByCategory" finished-at="2025-11-23T14:27:37 GMT+03:00" duration-ms="149" status="PASS">
          <reporter-output>
          </reporter-output>
        </test-method> <!-- testGetProductsByCategory -->
        <test-method signature="testGetSingleProductById()[pri:0, instance:testcases.ProductTests@cc43f62]" started-at="2025-11-23T14:27:37 GMT+03:00" name="testGetSingleProductById" finished-at="2025-11-23T14:27:38 GMT+03:00" duration-ms="120" status="PASS">
          <reporter-output>
          </reporter-output>
        </test-method> <!-- testGetSingleProductById -->
        <test-method signature="testGetSortedProducts()[pri:0, instance:testcases.ProductTests@cc43f62]" started-at="2025-11-23T14:27:38 GMT+03:00" name="testGetSortedProducts" finished-at="2025-11-23T14:27:38 GMT+03:00" duration-ms="145" status="PASS">
          <reporter-output>
          </reporter-output>
        </test-method> <!-- testGetSortedProducts -->
        <test-method signature="testGetSortedProductsAsc()[pri:0, instance:testcases.ProductTests@cc43f62]" started-at="2025-11-23T14:27:38 GMT+03:00" name="testGetSortedProductsAsc" finished-at="2025-11-23T14:27:38 GMT+03:00" duration-ms="141" status="PASS">
          <reporter-output>
          </reporter-output>
        </test-method> <!-- testGetSortedProductsAsc -->
        <test-method signature="testUpdateProduct()[pri:0, instance:testcases.ProductTests@cc43f62]" started-at="2025-11-23T14:27:38 GMT+03:00" name="testUpdateProduct" finished-at="2025-11-23T14:27:38 GMT+03:00" duration-ms="130" status="PASS">
          <reporter-output>
          </reporter-output>
        </test-method> <!-- testUpdateProduct -->
      </class> <!-- testcases.ProductTests -->
    </test> <!-- Product Tests -->
    <test started-at="2025-11-23T14:27:34 GMT+03:00" name="User Tests" finished-at="2025-11-23T14:27:38 GMT+03:00" duration-ms="4618">
      <class name="testcases.UserTests">
        <test-method is-config="true" signature="setup()[pri:0, instance:testcases.UserTests@66982506]" started-at="2025-11-23T14:27:34 GMT+03:00" name="setup" finished-at="2025-11-23T14:27:34 GMT+03:00" duration-ms="319" status="PASS">
          <reporter-output>
          </reporter-output>
        </test-method> <!-- setup -->
        <test-method signature="testCreateUser()[pri:0, instance:testcases.UserTests@66982506]" started-at="2025-11-23T14:27:34 GMT+03:00" name="testCreateUser" finished-at="2025-11-23T14:27:37 GMT+03:00" duration-ms="2367" status="PASS">
          <reporter-output>
          </reporter-output>
        </test-method> <!-- testCreateUser -->
        <test-method signature="testDeleteUser()[pri:0, instance:testcases.UserTests@66982506]" started-at="2025-11-23T14:27:37 GMT+03:00" name="testDeleteUser" finished-at="2025-11-23T14:27:37 GMT+03:00" duration-ms="249" status="PASS">
          <reporter-output>
          </reporter-output>
        </test-method> <!-- testDeleteUser -->
        <test-method signature="testGetAllUsers()[pri:0, instance:testcases.UserTests@66982506]" started-at="2025-11-23T14:27:37 GMT+03:00" name="testGetAllUsers" finished-at="2025-11-23T14:27:37 GMT+03:00" duration-ms="254" status="PASS">
          <reporter-output>
          </reporter-output>
        </test-method> <!-- testGetAllUsers -->
        <test-method signature="testGetUserById()[pri:0, instance:testcases.UserTests@66982506]" started-at="2025-11-23T14:27:37 GMT+03:00" name="testGetUserById" finished-at="2025-11-23T14:27:37 GMT+03:00" duration-ms="222" status="PASS">
          <reporter-output>
          </reporter-output>
        </test-method> <!-- testGetUserById -->
        <test-method signature="testGetUsersSorted()[pri:0, instance:testcases.UserTests@66982506]" started-at="2025-11-23T14:27:37 GMT+03:00" name="testGetUsersSorted" finished-at="2025-11-23T14:27:38 GMT+03:00" duration-ms="244" status="PASS">
          <reporter-output>
          </reporter-output>
        </test-method> <!-- testGetUsersSorted -->
        <test-method signature="testGetUsersSortedAsc()[pri:0, instance:testcases.UserTests@66982506]" started-at="2025-11-23T14:27:38 GMT+03:00" name="testGetUsersSortedAsc" finished-at="2025-11-23T14:27:38 GMT+03:00" duration-ms="237" status="PASS">
          <reporter-output>
          </reporter-output>
        </test-method> <!-- testGetUsersSortedAsc -->
        <test-method signature="testGetUsersWithLimit()[pri:0, instance:testcases.UserTests@66982506]" started-at="2025-11-23T14:27:38 GMT+03:00" name="testGetUsersWithLimit" finished-at="2025-11-23T14:27:38 GMT+03:00" duration-ms="233" status="PASS">
          <reporter-output>
          </reporter-output>
        </test-method> <!-- testGetUsersWithLimit -->
        <test-method signature="testUpdateUser()[pri:0, instance:testcases.UserTests@66982506]" started-at="2025-11-23T14:27:38 GMT+03:00" name="testUpdateUser" finished-at="2025-11-23T14:27:38 GMT+03:00" duration-ms="142" status="PASS">
          <reporter-output>
          </reporter-output>
        </test-method> <!-- testUpdateUser -->
      </class> <!-- testcases.UserTests -->
    </test> <!-- User Tests -->
    <test started-at="2025-11-23T14:27:38 GMT+03:00" name="Auth Tests" finished-at="2025-11-23T14:27:39 GMT+03:00" duration-ms="757">
      <class name="testcases.LoginTests">
        <test-method is-config="true" signature="setup()[pri:0, instance:testcases.LoginTests@5b799640]" started-at="2025-11-23T14:27:38 GMT+03:00" name="setup" finished-at="2025-11-23T14:27:38 GMT+03:00" duration-ms="2" status="PASS">
          <reporter-output>
          </reporter-output>
        </test-method> <!-- setup -->
        <test-method signature="testInvalidUserLogin()[pri:0, instance:testcases.LoginTests@5b799640]" started-at="2025-11-23T14:27:38 GMT+03:00" name="testInvalidUserLogin" finished-at="2025-11-23T14:27:39 GMT+03:00" duration-ms="475" status="PASS">
          <reporter-output>
          </reporter-output>
        </test-method> <!-- testInvalidUserLogin -->
        <test-method signature="testValidUserLogin()[pri:0, instance:testcases.LoginTests@5b799640]" started-at="2025-11-23T14:27:39 GMT+03:00" name="testValidUserLogin" finished-at="2025-11-23T14:27:39 GMT+03:00" duration-ms="272" status="PASS">
          <reporter-output>
          </reporter-output>
        </test-method> <!-- testValidUserLogin -->
      </class> <!-- testcases.LoginTests -->
    </test> <!-- Auth Tests -->
    <test started-at="2025-11-23T14:27:39 GMT+03:00" name="Schema Tests" finished-at="2025-11-23T14:27:40 GMT+03:00" duration-ms="806">
      <class name="testcases.SchemaTests">
        <test-method is-config="true" signature="setup()[pri:0, instance:testcases.SchemaTests@5f8e8a9d]" started-at="2025-11-23T14:27:39 GMT+03:00" name="setup" finished-at="2025-11-23T14:27:39 GMT+03:00" duration-ms="3" status="PASS">
          <reporter-output>
          </reporter-output>
        </test-method> <!-- setup -->
        <test-method signature="testCartSchema()[pri:0, instance:testcases.SchemaTests@5f8e8a9d]" started-at="2025-11-23T14:27:39 GMT+03:00" name="testCartSchema" finished-at="2025-11-23T14:27:40 GMT+03:00" duration-ms="437" status="PASS">
          <reporter-output>
          </reporter-output>
        </test-method> <!-- testCartSchema -->
        <test-method signature="testProductSchema()[pri:0, instance:testcases.SchemaTests@5f8e8a9d]" started-at="2025-11-23T14:27:40 GMT+03:00" name="testProductSchema" finished-at="2025-11-23T14:27:40 GMT+03:00" duration-ms="118" status="PASS">
          <reporter-output>
          </reporter-output>
        </test-method> <!-- testProductSchema -->
        <test-method signature="testUserSchema()[pri:0, instance:testcases.SchemaTests@5f8e8a9d]" started-at="2025-11-23T14:27:40 GMT+03:00" name="testUserSchema" finished-at="2025-11-23T14:27:40 GMT+03:00" duration-ms="239" status="PASS">
          <reporter-output>
          </reporter-output>
        </test-method> <!-- testUserSchema -->
      </class> <!-- testcases.SchemaTests -->
    </test> <!-- Schema Tests -->
    <test started-at="2025-11-23T14:27:38 GMT+03:00" name="Cart Tests" finished-at="2025-11-23T14:27:41 GMT+03:00" duration-ms="2210">
      <class name="testcases.CartTests">
        <test-method is-config="true" signature="setup()[pri:0, instance:testcases.CartTests@6f01b95f]" started-at="2025-11-23T14:27:38 GMT+03:00" name="setup" finished-at="2025-11-23T14:27:38 GMT+03:00" duration-ms="2" status="PASS">
          <reporter-output>
          </reporter-output>
        </test-method> <!-- setup -->
        <test-method signature="testCreateCart()[pri:0, instance:testcases.CartTests@6f01b95f]" started-at="2025-11-23T14:27:38 GMT+03:00" name="testCreateCart" finished-at="2025-11-23T14:27:39 GMT+03:00" duration-ms="202" status="PASS">
          <reporter-output>
          </reporter-output>
        </test-method> <!-- testCreateCart -->
        <test-method signature="testDeleteCart()[pri:0, instance:testcases.CartTests@6f01b95f]" started-at="2025-11-23T14:27:39 GMT+03:00" name="testDeleteCart" finished-at="2025-11-23T14:27:39 GMT+03:00" duration-ms="223" status="PASS">
          <reporter-output>
          </reporter-output>
        </test-method> <!-- testDeleteCart -->
        <test-method signature="testGetAllCarts()[pri:0, instance:testcases.CartTests@6f01b95f]" started-at="2025-11-23T14:27:39 GMT+03:00" name="testGetAllCarts" finished-at="2025-11-23T14:27:39 GMT+03:00" duration-ms="230" status="PASS">
          <reporter-output>
          </reporter-output>
        </test-method> <!-- testGetAllCarts -->
        <test-method signature="testGetCartById()[pri:0, instance:testcases.CartTests@6f01b95f]" started-at="2025-11-23T14:27:39 GMT+03:00" name="testGetCartById" finished-at="2025-11-23T14:27:39 GMT+03:00" duration-ms="223" status="PASS">
          <reporter-output>
          </reporter-output>
        </test-method> <!-- testGetCartById -->
        <test-method signature="testGetCartsByDateRange()[pri:0, instance:testcases.CartTests@6f01b95f]" started-at="2025-11-23T14:27:39 GMT+03:00" name="testGetCartsByDateRange" finished-at="2025-11-23T14:27:40 GMT+03:00" duration-ms="226" status="PASS">
          <reporter-output>
          </reporter-output>
        </test-method> <!-- testGetCartsByDateRange -->
        <test-method signature="testGetCartsSorted()[pri:0, instance:testcases.CartTests@6f01b95f]" started-at="2025-11-23T14:27:40 GMT+03:00" name="testGetCartsSorted" finished-at="2025-11-23T14:27:40 GMT+03:00" duration-ms="234" status="PASS">
          <reporter-output>
          </reporter-output>
        </test-method> <!-- testGetCartsSorted -->
        <test-method signature="testGetCartsSortedAsc()[pri:0, instance:testcases.CartTests@6f01b95f]" started-at="2025-11-23T14:27:40 GMT+03:00" name="testGetCartsSortedAsc" finished-at="2025-11-23T14:27:40 GMT+03:00" duration-ms="256" status="PASS">
          <reporter-output>
          </reporter-output>
        </test-method> <!-- testGetCartsSortedAsc -->
        <test-method signature="testGetCartsWithLimit()[pri:0, instance:testcases.CartTests@6f01b95f]" started-at="2025-11-23T14:27:40 GMT+03:00" name="testGetCartsWithLimit" finished-at="2025-11-23T14:27:40 GMT+03:00" duration-ms="229" status="PASS">
          <reporter-output>
          </reporter-output>
        </test-method> <!-- testGetCartsWithLimit -->
        <test-method signature="testGetUserCart()[pri:0, instance:testcases.CartTests@6f01b95f]" started-at="2025-11-23T14:27:40 GMT+03:00" name="testGetUserCart" finished-at="2025-11-23T14:27:41 GMT+03:00" duration-ms="221" status="PASS">
          <reporter-output>
          </reporter-output>
        </test-method> <!-- testGetUserCart -->
        <test-method signature="testUpdateCart()[pri:0, instance:testcases.CartTests@6f01b95f]" started-at="2025-11-23T14:27:41 GMT+03:00" name="testUpdateCart" finished-at="2025-11-23T14:27:41 GMT+03:00" duration-ms="129" status="PASS">
          <reporter-output>
          </reporter-output>
        </test-method> <!-- testUpdateCart -->
      </class> <!-- testcases.CartTests -->
    </test> <!-- Cart Tests -->
  </suite> <!-- API TestSuite -->
</testng-results>
