<?xml version="1.0" encoding="UTF-8"?>
<!-- Generated by org.testng.reporters.JUnitReportReporter -->
<testsuite hostname="LAPTOP-4EBV38TC" failures="0" tests="10" name="testcases.ProductTests" time="3.651" errors="0" timestamp="2025-11-23T14:27:41 GMT+03:00" skipped="0">
  <testcase classname="testcases.ProductTests" name="testAddNewProduct" time="2.367"/>
  <testcase classname="testcases.ProductTests" name="testGetAllProducts" time="0.157"/>
  <testcase classname="testcases.ProductTests" name="testGetLimitedProducts" time="0.152"/>
  <testcase classname="testcases.ProductTests" name="testGetProductsByCategory" time="0.149"/>
  <testcase classname="testcases.ProductTests" name="testGetSingleProductById" time="0.120"/>
  <testcase classname="testcases.ProductTests" name="testDeleteProduct" time="0.150"/>
  <testcase classname="testcases.ProductTests" name="testGetSortedProducts" time="0.145"/>
  <testcase classname="testcases.ProductTests" name="testGetAllCategories" time="0.140"/>
  <testcase classname="testcases.ProductTests" name="testUpdateProduct" time="0.130"/>
  <testcase classname="testcases.ProductTests" name="testGetSortedProductsAsc" time="0.141"/>
</testsuite> <!-- testcases.ProductTests -->
