<?xml version="1.0" encoding="UTF-8"?>
<!-- Generated by org.testng.reporters.JUnitReportReporter -->
<testsuite hostname="LAPTOP-4EBV38TC" failures="0" tests="8" name="testcases.UserTests" time="3.948" errors="0" timestamp="2025-11-23T14:27:41 GMT+03:00" skipped="0">
  <testcase classname="testcases.UserTests" name="testGetUsersWithLimit" time="0.233"/>
  <testcase classname="testcases.UserTests" name="testDeleteUser" time="0.249"/>
  <testcase classname="testcases.UserTests" name="testGetUserById" time="0.222"/>
  <testcase classname="testcases.UserTests" name="testGetUsersSortedAsc" time="0.237"/>
  <testcase classname="testcases.UserTests" name="testCreateUser" time="2.367"/>
  <testcase classname="testcases.UserTests" name="testUpdateUser" time="0.142"/>
  <testcase classname="testcases.UserTests" name="testGetUsersSorted" time="0.244"/>
  <testcase classname="testcases.UserTests" name="testGetAllUsers" time="0.254"/>
</testsuite> <!-- testcases.UserTests -->
