<?xml version="1.0" encoding="UTF-8"?>
<!-- Generated by org.testng.reporters.JUnitReportReporter -->
<testsuite hostname="LAPTOP-4EBV38TC" failures="0" tests="3" name="testcases.SchemaTests" time="0.794" errors="0" timestamp="2025-11-23T14:27:41 GMT+03:00" skipped="0">
  <testcase classname="testcases.SchemaTests" name="testProductSchema" time="0.118"/>
  <testcase classname="testcases.SchemaTests" name="testUserSchema" time="0.239"/>
  <testcase classname="testcases.SchemaTests" name="testCartSchema" time="0.437"/>
</testsuite> <!-- testcases.SchemaTests -->
