<?xml version="1.0" encoding="UTF-8"?>
<!-- Generated by org.testng.reporters.JUnitReportReporter -->
<testsuite hostname="LAPTOP-4EBV38TC" failures="0" tests="5" name="testcases.ProductDataDrivenTest" time="3.027" errors="0" timestamp="2025-11-21T11:27:41 GMT+03:00" skipped="0">
  <testcase classname="testcases.ProductDataDrivenTest" name="testAddNewProduct" time="0.263"/>
  <testcase classname="testcases.ProductDataDrivenTest" name="testAddNewProduct" time="0.269"/>
  <testcase classname="testcases.ProductDataDrivenTest" name="testAddNewProduct" time="0.291"/>
  <testcase classname="testcases.ProductDataDrivenTest" name="testAddNewProduct" time="1.935"/>
  <testcase classname="testcases.ProductDataDrivenTest" name="testAddNewProduct" time="0.269"/>
</testsuite> <!-- testcases.ProductDataDrivenTest -->
