<?xml version="1.0" encoding="UTF-8"?>
<!-- Generated by org.testng.reporters.JUnitReportReporter -->
<testsuite hostname="LAPTOP-4EBV38TC" failures="0" tests="10" name="testcases.CartTests" time="2.173" errors="0" timestamp="2025-11-23T14:27:41 GMT+03:00" skipped="0">
  <testcase classname="testcases.CartTests" name="testGetCartById" time="0.223"/>
  <testcase classname="testcases.CartTests" name="testGetCartsSortedAsc" time="0.256"/>
  <testcase classname="testcases.CartTests" name="testUpdateCart" time="0.129"/>
  <testcase classname="testcases.CartTests" name="testGetCartsSorted" time="0.234"/>
  <testcase classname="testcases.CartTests" name="testGetAllCarts" time="0.230"/>
  <testcase classname="testcases.CartTests" name="testGetCartsByDateRange" time="0.226"/>
  <testcase classname="testcases.CartTests" name="testGetCartsWithLimit" time="0.229"/>
  <testcase classname="testcases.CartTests" name="testGetUserCart" time="0.221"/>
  <testcase classname="testcases.CartTests" name="testCreateCart" time="0.202"/>
  <testcase classname="testcases.CartTests" name="testDeleteCart" time="0.223"/>
</testsuite> <!-- testcases.CartTests -->
